TN:
SF:src/main.js
FN:13,(anonymous_0)
FNF:1
FNH:1
FNDA:13,(anonymous_0)
DA:13,13
DA:14,13
DA:15,13
DA:16,8
DA:19,5
DA:20,0
DA:22,5
DA:25,13
DA:59,13
DA:60,13
DA:61,13
DA:62,13
LF:12
LH:11
BRDA:15,0,0,8
BRDA:16,1,0,0
BRDA:16,1,1,8
BRDA:19,2,0,0
BRF:4
BRH:2
end_of_record
TN:
SF:src/api/auth.js
FN:1,(anonymous_0)
FNF:1
FNH:1
FNDA:4,(anonymous_0)
DA:1,13
DA:2,4
DA:5,4
DA:6,0
DA:15,0
DA:21,0
DA:22,0
DA:25,0
DA:26,0
DA:30,4
DA:31,4
DA:37,4
DA:38,2
DA:41,2
DA:42,2
LF:15
LH:9
BRDA:5,0,0,0
BRDA:21,1,0,0
BRDA:37,2,0,2
BRF:3
BRH:1
end_of_record
TN:
SF:src/api/memo.js
FN:8,(anonymous_0)
FN:16,(anonymous_1)
FN:30,(anonymous_2)
FN:32,(anonymous_3)
FN:34,(anonymous_4)
FNF:5
FNH:2
FNDA:2,(anonymous_0)
FNDA:0,(anonymous_1)
FNDA:2,(anonymous_2)
FNDA:0,(anonymous_3)
FNDA:0,(anonymous_4)
DA:3,13
DA:8,13
DA:9,2
DA:10,2
DA:11,2
DA:13,2
DA:16,13
DA:17,0
DA:18,0
DA:19,0
DA:21,0
DA:27,0
DA:30,13
DA:32,13
DA:34,13
LF:15
LH:10
BRDA:10,0,0,2
BRDA:19,1,0,0
BRF:2
BRH:1
end_of_record
TN:
SF:src/api/todo.js
FN:8,(anonymous_0)
FN:16,(anonymous_1)
FN:17,(anonymous_2)
FN:18,(anonymous_3)
FN:19,(anonymous_4)
FN:21,(anonymous_5)
FNF:6
FNH:5
FNDA:29,(anonymous_0)
FNDA:20,(anonymous_1)
FNDA:7,(anonymous_2)
FNDA:1,(anonymous_3)
FNDA:0,(anonymous_4)
FNDA:1,(anonymous_5)
DA:3,13
DA:8,13
DA:9,29
DA:10,29
DA:11,29
DA:13,29
DA:16,20
DA:17,13
DA:18,13
DA:19,13
DA:21,13
DA:22,1
DA:23,1
DA:24,1
DA:25,1
DA:26,1
DA:27,1
DA:29,1
LF:18
LH:18
BRDA:10,0,0,29
BRDA:23,1,0,1
BRDA:24,2,0,0
BRDA:25,3,0,0
BRDA:26,4,0,0
BRDA:27,5,0,0
BRF:6
BRH:2
end_of_record
TN:
SF:src/api/top.js
FN:7,(anonymous_0)
FN:15,(anonymous_1)
FNF:2
FNH:2
FNDA:2,(anonymous_0)
FNDA:2,(anonymous_1)
DA:3,13
DA:7,13
DA:8,2
DA:9,2
DA:10,2
DA:12,2
DA:15,13
LF:7
LH:7
BRDA:9,0,0,2
BRF:1
BRH:1
end_of_record
TN:
SF:src/router/index.js
FN:22,(anonymous_0)
FNF:1
FNH:1
FNDA:17,(anonymous_0)
DA:8,13
DA:16,13
DA:22,13
DA:23,17
DA:25,17
DA:26,0
DA:29,17
LF:7
LH:6
BRDA:25,0,0,0
BRDA:25,1,0,17
BRDA:25,1,1,12
BRF:3
BRH:2
end_of_record
